2024-11-13 09:36:12 [main] INFO  com.caribresort.Network.NetworkConnector - [SERVER] Server started, listening on port 8000
2024-11-13 16:42:23 [main] ERROR com.caribresort.Network.NetworkConnector - [NetworkConnector] Error creating server socket: Address already in use: bind
2024-11-13 16:42:51 [main] INFO  com.caribresort.Network.NetworkConnector - [NetworkConnector] Server listening on port 8080
2024-11-13 22:12:43 [main] INFO  com.caribresort.network.NetworkConnector - [NetworkConnector] Server listening on port 8080
2024-11-13 22:32:58 [main] INFO  com.caribresort.network.NetworkConnector - [NetworkConnector] Server listening on port 8080
2024-11-13 22:57:17 [main] INFO  com.caribresort.network.NetworkConnector - [NetworkConnector] Server listening on port 8080
2024-11-13 23:08:56 [main] INFO  com.caribresort.network.NetworkConnector - [NetworkConnector] Server listening on port 8080
2024-11-13 23:10:20 [main] INFO  com.caribresort.network.NetworkConnector - [NetworkConnector] Server listening on port 8080
2024-11-13 23:56:28 [main] INFO  com.caribresort.network.NetworkConnector - [13:11:2024 23:56:28 PM] CONNECTED NEW CLIENT #1
2024-11-14 08:49:18 [main] ERROR com.caribresort.network.NetworkConnector - [NetworkConnector] Error creating server socket: Address already in use: bind
2024-11-15 12:39:41 [main] INFO  com.caribresort.network.NetworkConnector - [15:11:2024 12:39:41 PM] CONNECTED NEW CLIENT #1
2024-11-15 12:41:13 [main] INFO  com.caribresort.network.NetworkConnector - [15:11:2024 12:41:13 PM] CONNECTED NEW CLIENT #1
2024-11-15 12:53:00 [main] INFO  com.caribresort.network.NetworkConnector - [15:11:2024 12:53:00 PM] CONNECTED NEW CLIENT #1
2024-11-15 12:58:12 [main] INFO  com.caribresort.server.NetworkConnector - [15:11:2024 12:58:12 PM] CONNECTED NEW CLIENT #1
2024-11-15 13:07:36 [main] INFO  com.caribresort.server.NetworkConnector - [15:11:2024 13:07:36 PM] CONNECTED NEW CLIENT #1
2024-11-15 13:46:09 [main] INFO  com.caribresort.database.DBConnector - [DATABASE] CONNECTION SUCCESSFUL
2024-11-15 13:46:09 [main] INFO  com.caribresort.server.NetworkConnector - [DATABASE] DATABASE CONNECTION ESTABLISHED
2024-11-15 13:46:34 [main] INFO  com.caribresort.server.NetworkConnector - [15:11:2024 13:46:34 PM] CONNECTED NEW CLIENT #1
2024-11-15 13:46:42 [Thread-0] INFO  com.caribresort.server.NetworkReceiver - [SERVER] ALL DRINKS RECEIVED.
2024-11-15 13:50:59 [main] INFO  com.caribresort.database.DBConnector - [DATABASE] CONNECTION SUCCESSFUL
2024-11-15 13:50:59 [main] INFO  com.caribresort.server.NetworkConnector - [DATABASE] DATABASE CONNECTION ESTABLISHED
2024-11-15 13:51:05 [main] INFO  com.caribresort.server.NetworkConnector - [15:11:2024 13:51:05 PM] CONNECTED NEW CLIENT #1
2024-11-15 13:51:14 [Thread-0] INFO  com.caribresort.server.NetworkReceiver - [SERVER] ALL DRINKS RECEIVED.
2024-11-15 13:59:10 [main] INFO  com.caribresort.database.DBConnector - [DATABASE] CONNECTION SUCCESSFUL
2024-11-15 13:59:10 [main] INFO  com.caribresort.server.NetworkConnector - [DATABASE] DATABASE CONNECTION ESTABLISHED
2024-11-15 13:59:14 [main] INFO  com.caribresort.server.NetworkConnector - [15:11:2024 13:59:14 PM] CONNECTED NEW CLIENT #1
2024-11-15 13:59:24 [Thread-0] INFO  com.caribresort.server.NetworkReceiver - [SERVER] ALL DRINKS RECEIVED.
2024-11-15 14:10:26 [main] INFO  com.caribresort.database.DBConnector - [DATABASE] CONNECTION SUCCESSFUL
2024-11-15 14:10:26 [main] INFO  com.caribresort.server.NetworkConnector - [DATABASE] DATABASE CONNECTION ESTABLISHED
2024-11-15 14:10:35 [main] INFO  com.caribresort.server.NetworkConnector - [15:11:2024 14:10:35 PM] CONNECTED NEW CLIENT #1
2024-11-15 14:10:46 [Thread-0] INFO  com.caribresort.server.NetworkReceiver - [SERVER] ALL DRINKS RECEIVED.
2024-11-15 14:13:28 [main] INFO  com.caribresort.server.NetworkConnector - [15:11:2024 14:13:28 PM] CONNECTED NEW CLIENT #2
2024-11-15 14:13:32 [Thread-1] INFO  com.caribresort.server.NetworkReceiver - [SERVER] ALL DRINKS RECEIVED.
2024-11-15 14:15:07 [main] INFO  com.caribresort.server.NetworkConnector - [15:11:2024 14:15:07 PM] CONNECTED NEW CLIENT #3
2024-11-15 14:15:15 [Thread-2] INFO  com.caribresort.server.NetworkReceiver - [SERVER] ALL DRINKS RECEIVED.
2024-11-15 14:17:58 [main] INFO  com.caribresort.server.NetworkConnector - [15:11:2024 14:17:58 PM] CONNECTED NEW CLIENT #4
2024-11-15 14:18:08 [Thread-3] INFO  com.caribresort.server.NetworkReceiver - [SERVER] ALL DRINKS RECEIVED.
2024-11-15 14:25:23 [main] INFO  com.caribresort.server.NetworkConnector - [15:11:2024 14:25:23 PM] CONNECTED NEW CLIENT #5
2024-11-15 14:25:25 [Thread-4] INFO  com.caribresort.server.NetworkReceiver - [SERVER] ALL DRINKS RECEIVED.
2024-11-15 14:28:38 [main] INFO  com.caribresort.server.NetworkConnector - [15:11:2024 14:28:38 PM] CONNECTED NEW CLIENT #6
2024-11-15 14:28:40 [Thread-5] INFO  com.caribresort.server.NetworkReceiver - [SERVER] ALL DRINKS RECEIVED.
2024-11-15 14:30:46 [main] INFO  com.caribresort.database.DBConnector - [DATABASE] CONNECTION SUCCESSFUL
2024-11-15 14:30:46 [main] INFO  com.caribresort.server.NetworkConnector - [DATABASE] DATABASE CONNECTION ESTABLISHED
2024-11-15 14:30:51 [main] INFO  com.caribresort.server.NetworkConnector - [15:11:2024 14:30:51 PM] CONNECTED NEW CLIENT #1
2024-11-15 14:30:55 [Thread-0] INFO  com.caribresort.server.NetworkReceiver - [SERVER] ALL DRINKS RECEIVED.
2024-11-15 14:34:38 [main] INFO  com.caribresort.database.DBConnector - [DATABASE] CONNECTION SUCCESSFUL
2024-11-15 14:34:38 [main] INFO  com.caribresort.server.NetworkConnector - [DATABASE] DATABASE CONNECTION ESTABLISHED
2024-11-15 14:34:42 [main] INFO  com.caribresort.server.NetworkConnector - [15:11:2024 14:34:42 PM] CONNECTED NEW CLIENT #1
2024-11-15 14:34:59 [Thread-0] INFO  com.caribresort.server.NetworkReceiver - [SERVER] ALL DRINKS RECEIVED.
2024-11-15 14:35:07 [Thread-0] INFO  com.caribresort.database.ManagerFunctions.OrderManagement.InsertOrder - [ORDER] NEW ORDER INSERTED ID[9190]
2024-11-15 14:40:58 [main] INFO  com.caribresort.server.NetworkConnector - [15:11:2024 14:40:58 PM] CONNECTED NEW CLIENT #2
2024-11-15 14:41:01 [Thread-1] INFO  com.caribresort.server.NetworkReceiver - [SERVER] ALL DRINKS RECEIVED.
2024-11-15 14:41:10 [Thread-1] INFO  com.caribresort.database.ManagerFunctions.OrderManagement.InsertOrder - [ORDER] NEW ORDER INSERTED ID[2024]
2024-11-15 14:42:12 [main] INFO  com.caribresort.server.NetworkConnector - [15:11:2024 14:42:12 PM] CONNECTED NEW CLIENT #3
2024-11-15 14:42:14 [Thread-2] INFO  com.caribresort.server.NetworkReceiver - [SERVER] ALL DRINKS RECEIVED.
2024-11-15 14:42:17 [Thread-2] ERROR com.caribresort.database.ManagerFunctions.OrderManagement.InsertOrder - [ORDER] ERROR WITH ORDER INSERTION: Duplicate entry '2024' for key 'PRIMARY'
2024-11-15 14:43:44 [main] INFO  com.caribresort.database.DBConnector - [DATABASE] CONNECTION SUCCESSFUL
2024-11-15 14:43:44 [main] INFO  com.caribresort.server.NetworkConnector - [DATABASE] DATABASE CONNECTION ESTABLISHED
2024-11-15 14:43:52 [main] INFO  com.caribresort.server.NetworkConnector - [15:11:2024 14:43:52 PM] CONNECTED NEW CLIENT #1
2024-11-15 14:43:54 [Thread-0] INFO  com.caribresort.server.NetworkReceiver - [SERVER] ALL DRINKS RECEIVED.
2024-11-15 14:44:01 [main] INFO  com.caribresort.server.NetworkConnector - [15:11:2024 14:44:01 PM] CONNECTED NEW CLIENT #2
2024-11-15 14:44:15 [main] INFO  com.caribresort.server.NetworkConnector - [15:11:2024 14:44:15 PM] CONNECTED NEW CLIENT #3
2024-11-15 14:44:18 [Thread-2] INFO  com.caribresort.server.NetworkReceiver - [SERVER] ALL DRINKS RECEIVED.
2024-11-15 14:44:24 [Thread-2] INFO  com.caribresort.database.ManagerFunctions.OrderManagement.InsertOrder - [ORDER] NEW ORDER INSERTED ID[2025]
2024-11-15 15:12:08 [main] INFO  com.caribresort.database.DBConnector - [DATABASE] CONNECTION SUCCESSFUL
2024-11-15 15:12:08 [main] INFO  com.caribresort.server.NetworkConnector - [DATABASE] DATABASE CONNECTION ESTABLISHED
2024-11-15 15:12:15 [main] INFO  com.caribresort.server.NetworkConnector - [15:11:2024 15:12:15 PM] CONNECTED NEW CLIENT #1
2024-11-15 15:12:18 [Thread-0] INFO  com.caribresort.server.NetworkReceiver - [SERVER] ALL DRINKS RECEIVED.
2024-11-15 15:12:50 [main] INFO  com.caribresort.database.DBConnector - [DATABASE] CONNECTION SUCCESSFUL
2024-11-15 15:12:50 [main] INFO  com.caribresort.server.NetworkConnector - [DATABASE] DATABASE CONNECTION ESTABLISHED
2024-11-15 15:12:59 [main] INFO  com.caribresort.server.NetworkConnector - [15:11:2024 15:12:59 PM] CONNECTED NEW CLIENT #1
2024-11-15 15:13:03 [Thread-0] INFO  com.caribresort.server.NetworkReceiver - [SERVER] ALL DRINKS RECEIVED.
2024-11-15 15:13:09 [Thread-0] ERROR com.caribresort.database.ManagerFunctions.OrderManagement.InsertOrder - [ORDER] ERROR WITH ORDER INSERTION: Duplicate entry '231' for key 'PRIMARY'
2024-11-15 15:28:13 [main] INFO  com.caribresort.database.DBConnector - [DATABASE] CONNECTION SUCCESSFUL
2024-11-15 15:28:13 [main] INFO  com.caribresort.server.NetworkConnector - [DATABASE] DATABASE CONNECTION ESTABLISHED
2024-11-15 15:28:23 [main] INFO  com.caribresort.server.NetworkConnector - [15:11:2024 15:28:23 PM] CONNECTED NEW CLIENT #1
2024-11-15 15:28:27 [Thread-0] INFO  com.caribresort.server.NetworkReceiver - [SERVER] ALL DRINKS RECEIVED.
2024-11-15 15:31:16 [main] INFO  com.caribresort.database.DBConnector - [DATABASE] CONNECTION SUCCESSFUL
2024-11-15 15:31:16 [main] INFO  com.caribresort.server.NetworkConnector - [DATABASE] DATABASE CONNECTION ESTABLISHED
2024-11-15 15:31:19 [main] INFO  com.caribresort.server.NetworkConnector - [15:11:2024 15:31:19 PM] CONNECTED NEW CLIENT #1
2024-11-15 15:31:22 [Thread-0] INFO  com.caribresort.server.NetworkReceiver - [SERVER] ALL DRINKS RECEIVED.
2024-11-15 15:31:25 [Thread-0] ERROR com.caribresort.database.ManagerFunctions.OrderManagement.ReadOrder - [DATABASE] Error checking order ID existence: Column 'orderID' not found.
2024-11-15 15:34:22 [main] INFO  com.caribresort.database.DBConnector - [DATABASE] CONNECTION SUCCESSFUL
2024-11-15 15:34:22 [main] INFO  com.caribresort.server.NetworkConnector - [DATABASE] DATABASE CONNECTION ESTABLISHED
2024-11-15 15:34:25 [main] INFO  com.caribresort.server.NetworkConnector - [15:11:2024 15:34:25 PM] CONNECTED NEW CLIENT #1
2024-11-15 15:34:27 [Thread-0] INFO  com.caribresort.server.NetworkReceiver - [SERVER] ALL DRINKS RECEIVED.
2024-11-15 15:37:32 [main] INFO  com.caribresort.database.DBConnector - [DATABASE] CONNECTION SUCCESSFUL
2024-11-15 15:37:32 [main] INFO  com.caribresort.server.NetworkConnector - [DATABASE] DATABASE CONNECTION ESTABLISHED
2024-11-15 15:37:35 [main] INFO  com.caribresort.server.NetworkConnector - [15:11:2024 15:37:35 PM] CONNECTED NEW CLIENT #1
2024-11-15 15:37:37 [Thread-0] INFO  com.caribresort.server.NetworkReceiver - [SERVER] ALL DRINKS RECEIVED.
2024-11-15 15:45:44 [main] INFO  com.caribresort.database.DBConnector - [DATABASE] CONNECTION SUCCESSFUL
2024-11-15 15:45:44 [main] INFO  com.caribresort.server.NetworkConnector - [DATABASE] DATABASE CONNECTION ESTABLISHED
2024-11-15 15:45:48 [main] INFO  com.caribresort.server.NetworkConnector - [15:11:2024 15:45:48 PM] CONNECTED NEW CLIENT #1
2024-11-15 15:45:50 [Thread-0] INFO  com.caribresort.server.NetworkReceiver - [SERVER] ALL DRINKS RECEIVED.
2024-11-15 15:45:53 [Thread-0] ERROR com.caribresort.database.ManagerFunctions.OrderManagement.InsertOrder - [ORDER] ERROR WITH ORDER INSERTION: Duplicate entry '123' for key 'PRIMARY'
2024-11-15 15:48:39 [main] INFO  com.caribresort.database.DBConnector - [DATABASE] CONNECTION SUCCESSFUL
2024-11-15 15:48:39 [main] INFO  com.caribresort.server.NetworkConnector - [DATABASE] DATABASE CONNECTION ESTABLISHED
2024-11-15 15:48:42 [main] INFO  com.caribresort.server.NetworkConnector - [15:11:2024 15:48:42 PM] CONNECTED NEW CLIENT #1
2024-11-15 15:48:45 [Thread-0] INFO  com.caribresort.server.NetworkReceiver - [SERVER] ALL DRINKS RECEIVED.
2024-11-15 15:48:48 [Thread-0] ERROR com.caribresort.database.ManagerFunctions.OrderManagement.InsertOrder - [ORDER] ERROR WITH ORDER INSERTION: Duplicate entry '123' for key 'PRIMARY'
2024-11-15 15:50:09 [main] INFO  com.caribresort.database.DBConnector - [DATABASE] CONNECTION SUCCESSFUL
2024-11-15 15:50:09 [main] INFO  com.caribresort.server.NetworkConnector - [DATABASE] DATABASE CONNECTION ESTABLISHED
2024-11-15 15:50:15 [main] INFO  com.caribresort.server.NetworkConnector - [15:11:2024 15:50:15 PM] CONNECTED NEW CLIENT #1
2024-11-15 15:50:18 [Thread-0] INFO  com.caribresort.server.NetworkReceiver - [SERVER] ALL DRINKS RECEIVED.
2024-11-15 15:50:20 [Thread-0] INFO  com.caribresort.database.ManagerFunctions.OrderManagement.InsertOrder - [ORDER] NEW ORDER INSERTED ID[78894]
2024-11-15 16:04:38 [main] INFO  com.caribresort.database.DBConnector - [DATABASE] CONNECTION SUCCESSFUL
2024-11-15 16:04:38 [main] INFO  com.caribresort.server.NetworkConnector - [DATABASE] DATABASE CONNECTION ESTABLISHED
2024-11-15 16:04:45 [main] INFO  com.caribresort.server.NetworkConnector - [15:11:2024 16:04:45 PM] CONNECTED NEW CLIENT #1
2024-11-15 16:04:48 [Thread-0] INFO  com.caribresort.server.NetworkReceiver - [SERVER] ALL DRINKS RECEIVED.
2024-11-15 16:04:53 [Thread-0] ERROR com.caribresort.database.ManagerFunctions.OrderManagement.InsertOrder - [ORDER] ERROR WITH ORDER INSERTION: Duplicate entry '123' for key 'PRIMARY'
2024-11-15 16:06:46 [main] INFO  com.caribresort.database.DBConnector - [DATABASE] CONNECTION SUCCESSFUL
2024-11-15 16:06:46 [main] INFO  com.caribresort.server.NetworkConnector - [DATABASE] DATABASE CONNECTION ESTABLISHED
2024-11-15 16:06:51 [main] INFO  com.caribresort.server.NetworkConnector - [15:11:2024 16:06:51 PM] CONNECTED NEW CLIENT #1
2024-11-15 16:06:55 [Thread-0] INFO  com.caribresort.server.NetworkReceiver - [SERVER] ALL DRINKS RECEIVED.
2024-11-15 16:06:57 [Thread-0] INFO  com.caribresort.database.ManagerFunctions.OrderManagement.InsertOrder - [ORDER] NEW ORDER INSERTED ID[500]
2024-11-15 16:08:08 [main] INFO  com.caribresort.database.DBConnector - [DATABASE] CONNECTION SUCCESSFUL
2024-11-15 16:08:08 [main] INFO  com.caribresort.server.NetworkConnector - [DATABASE] DATABASE CONNECTION ESTABLISHED
2024-11-15 16:08:16 [main] INFO  com.caribresort.server.NetworkConnector - [15:11:2024 16:08:16 PM] CONNECTED NEW CLIENT #1
2024-11-15 16:08:19 [Thread-0] INFO  com.caribresort.server.NetworkReceiver - [SERVER] ALL DRINKS RECEIVED.
2024-11-15 16:08:27 [Thread-0] INFO  com.caribresort.database.ManagerFunctions.OrderManagement.InsertOrder - [ORDER] NEW ORDER INSERTED ID[93007]
